==7429== Memcheck, a memory error detector
==7429== Copyright (C) 2002-2009, and GNU GPL'd, by Julian Seward et al.
==7429== Using Valgrind-3.5.0-Debian and LibVEX; rerun with -h for copyright info
==7429== Command: ./test
==7429== Parent PID: 2085
==7429== 
==7429== Conditional jump or move depends on uninitialised value(s)
==7429==    at 0x804B1A1: parse (in /home/xeph/src/tpe-pi/trunk/src/lib/test)
==7429==    by 0x804976F: load_game (in /home/xeph/src/tpe-pi/trunk/src/lib/test)
==7429==    by 0x804B703: main (in /home/xeph/src/tpe-pi/trunk/src/lib/test)
==7429==  Uninitialised value was created by a heap allocation
==7429==    at 0x4024C4C: malloc (vg_replace_malloc.c:195)
==7429==    by 0x804AD08: gpn_alloc (in /home/xeph/src/tpe-pi/trunk/src/lib/test)
==7429==    by 0x804ADDA: new_gpn_child (in /home/xeph/src/tpe-pi/trunk/src/lib/test)
==7429==    by 0x804B227: parse (in /home/xeph/src/tpe-pi/trunk/src/lib/test)
==7429==    by 0x804976F: load_game (in /home/xeph/src/tpe-pi/trunk/src/lib/test)
==7429==    by 0x804B703: main (in /home/xeph/src/tpe-pi/trunk/src/lib/test)
==7429== 
==7429== Use of uninitialised value of size 4
==7429==    at 0x4075CF6: _itoa_word (_itoa.c:195)
==7429==    by 0x4079261: vfprintf (vfprintf.c:1600)
==7429==    by 0x4080CDF: printf (printf.c:35)
==7429==    by 0x804B84F: main (in /home/xeph/src/tpe-pi/trunk/src/lib/test)
==7429==  Uninitialised value was created by a heap allocation
==7429==    at 0x4024C4C: malloc (vg_replace_malloc.c:195)
==7429==    by 0x804972A: load_game (in /home/xeph/src/tpe-pi/trunk/src/lib/test)
==7429==    by 0x804B703: main (in /home/xeph/src/tpe-pi/trunk/src/lib/test)
==7429== 
==7429== Conditional jump or move depends on uninitialised value(s)
==7429==    at 0x4075CFE: _itoa_word (_itoa.c:195)
==7429==    by 0x4079261: vfprintf (vfprintf.c:1600)
==7429==    by 0x4080CDF: printf (printf.c:35)
==7429==    by 0x804B84F: main (in /home/xeph/src/tpe-pi/trunk/src/lib/test)
==7429==  Uninitialised value was created by a heap allocation
==7429==    at 0x4024C4C: malloc (vg_replace_malloc.c:195)
==7429==    by 0x804972A: load_game (in /home/xeph/src/tpe-pi/trunk/src/lib/test)
==7429==    by 0x804B703: main (in /home/xeph/src/tpe-pi/trunk/src/lib/test)
==7429== 
==7429== Conditional jump or move depends on uninitialised value(s)
==7429==    at 0x40773C4: vfprintf (vfprintf.c:1600)
==7429==    by 0x4080CDF: printf (printf.c:35)
==7429==    by 0x804B84F: main (in /home/xeph/src/tpe-pi/trunk/src/lib/test)
==7429==  Uninitialised value was created by a heap allocation
==7429==    at 0x4024C4C: malloc (vg_replace_malloc.c:195)
==7429==    by 0x804972A: load_game (in /home/xeph/src/tpe-pi/trunk/src/lib/test)
==7429==    by 0x804B703: main (in /home/xeph/src/tpe-pi/trunk/src/lib/test)
==7429== 
==7429== Conditional jump or move depends on uninitialised value(s)
==7429==    at 0x407996C: vfprintf (vfprintf.c:1600)
==7429==    by 0x4080CDF: printf (printf.c:35)
==7429==    by 0x804B84F: main (in /home/xeph/src/tpe-pi/trunk/src/lib/test)
==7429==  Uninitialised value was created by a heap allocation
==7429==    at 0x4024C4C: malloc (vg_replace_malloc.c:195)
==7429==    by 0x804972A: load_game (in /home/xeph/src/tpe-pi/trunk/src/lib/test)
==7429==    by 0x804B703: main (in /home/xeph/src/tpe-pi/trunk/src/lib/test)
==7429== 
==7429== Conditional jump or move depends on uninitialised value(s)
==7429==    at 0x4077472: vfprintf (vfprintf.c:1600)
==7429==    by 0x4080CDF: printf (printf.c:35)
==7429==    by 0x804B84F: main (in /home/xeph/src/tpe-pi/trunk/src/lib/test)
==7429==  Uninitialised value was created by a heap allocation
==7429==    at 0x4024C4C: malloc (vg_replace_malloc.c:195)
==7429==    by 0x804972A: load_game (in /home/xeph/src/tpe-pi/trunk/src/lib/test)
==7429==    by 0x804B703: main (in /home/xeph/src/tpe-pi/trunk/src/lib/test)
==7429== 
==7429== Conditional jump or move depends on uninitialised value(s)
==7429==    at 0x804A54B: save_rooms (in /home/xeph/src/tpe-pi/trunk/src/lib/test)
==7429==    by 0x804A7B3: save_state (in /home/xeph/src/tpe-pi/trunk/src/lib/test)
==7429==    by 0x804B86B: main (in /home/xeph/src/tpe-pi/trunk/src/lib/test)
==7429==  Uninitialised value was created by a heap allocation
==7429==    at 0x4024C4C: malloc (vg_replace_malloc.c:195)
==7429==    by 0x804972A: load_game (in /home/xeph/src/tpe-pi/trunk/src/lib/test)
==7429==    by 0x804B703: main (in /home/xeph/src/tpe-pi/trunk/src/lib/test)
==7429== 
==7429== Conditional jump or move depends on uninitialised value(s)
==7429==    at 0x804B1A1: parse (in /home/xeph/src/tpe-pi/trunk/src/lib/test)
==7429==    by 0x804A59B: load_state (in /home/xeph/src/tpe-pi/trunk/src/lib/test)
==7429==    by 0x804B87F: main (in /home/xeph/src/tpe-pi/trunk/src/lib/test)
==7429==  Uninitialised value was created by a heap allocation
==7429==    at 0x4024C4C: malloc (vg_replace_malloc.c:195)
==7429==    by 0x804AD08: gpn_alloc (in /home/xeph/src/tpe-pi/trunk/src/lib/test)
==7429==    by 0x804ADDA: new_gpn_child (in /home/xeph/src/tpe-pi/trunk/src/lib/test)
==7429==    by 0x804B227: parse (in /home/xeph/src/tpe-pi/trunk/src/lib/test)
==7429==    by 0x804A59B: load_state (in /home/xeph/src/tpe-pi/trunk/src/lib/test)
==7429==    by 0x804B87F: main (in /home/xeph/src/tpe-pi/trunk/src/lib/test)
==7429== 
==7429== Conditional jump or move depends on uninitialised value(s)
==7429==    at 0x804B1A1: parse (in /home/xeph/src/tpe-pi/trunk/src/lib/test)
==7429==    by 0x804976F: load_game (in /home/xeph/src/tpe-pi/trunk/src/lib/test)
==7429==    by 0x804A67C: load_state (in /home/xeph/src/tpe-pi/trunk/src/lib/test)
==7429==    by 0x804B87F: main (in /home/xeph/src/tpe-pi/trunk/src/lib/test)
==7429==  Uninitialised value was created by a heap allocation
==7429==    at 0x4024C4C: malloc (vg_replace_malloc.c:195)
==7429==    by 0x804AD08: gpn_alloc (in /home/xeph/src/tpe-pi/trunk/src/lib/test)
==7429==    by 0x804ADDA: new_gpn_child (in /home/xeph/src/tpe-pi/trunk/src/lib/test)
==7429==    by 0x804B227: parse (in /home/xeph/src/tpe-pi/trunk/src/lib/test)
==7429==    by 0x804976F: load_game (in /home/xeph/src/tpe-pi/trunk/src/lib/test)
==7429==    by 0x804A67C: load_state (in /home/xeph/src/tpe-pi/trunk/src/lib/test)
==7429==    by 0x804B87F: main (in /home/xeph/src/tpe-pi/trunk/src/lib/test)
==7429== 
==7429== Use of uninitialised value of size 4
==7429==    at 0x4075CF6: _itoa_word (_itoa.c:195)
==7429==    by 0x4079261: vfprintf (vfprintf.c:1600)
==7429==    by 0x4080CDF: printf (printf.c:35)
==7429==    by 0x804B8C6: main (in /home/xeph/src/tpe-pi/trunk/src/lib/test)
==7429==  Uninitialised value was created by a heap allocation
==7429==    at 0x4024C4C: malloc (vg_replace_malloc.c:195)
==7429==    by 0x804972A: load_game (in /home/xeph/src/tpe-pi/trunk/src/lib/test)
==7429==    by 0x804A67C: load_state (in /home/xeph/src/tpe-pi/trunk/src/lib/test)
==7429==    by 0x804B87F: main (in /home/xeph/src/tpe-pi/trunk/src/lib/test)
==7429== 
==7429== Conditional jump or move depends on uninitialised value(s)
==7429==    at 0x4075CFE: _itoa_word (_itoa.c:195)
==7429==    by 0x4079261: vfprintf (vfprintf.c:1600)
==7429==    by 0x4080CDF: printf (printf.c:35)
==7429==    by 0x804B8C6: main (in /home/xeph/src/tpe-pi/trunk/src/lib/test)
==7429==  Uninitialised value was created by a heap allocation
==7429==    at 0x4024C4C: malloc (vg_replace_malloc.c:195)
==7429==    by 0x804972A: load_game (in /home/xeph/src/tpe-pi/trunk/src/lib/test)
==7429==    by 0x804A67C: load_state (in /home/xeph/src/tpe-pi/trunk/src/lib/test)
==7429==    by 0x804B87F: main (in /home/xeph/src/tpe-pi/trunk/src/lib/test)
==7429== 
==7429== Conditional jump or move depends on uninitialised value(s)
==7429==    at 0x40773C4: vfprintf (vfprintf.c:1600)
==7429==    by 0x4080CDF: printf (printf.c:35)
==7429==    by 0x804B8C6: main (in /home/xeph/src/tpe-pi/trunk/src/lib/test)
==7429==  Uninitialised value was created by a heap allocation
==7429==    at 0x4024C4C: malloc (vg_replace_malloc.c:195)
==7429==    by 0x804972A: load_game (in /home/xeph/src/tpe-pi/trunk/src/lib/test)
==7429==    by 0x804A67C: load_state (in /home/xeph/src/tpe-pi/trunk/src/lib/test)
==7429==    by 0x804B87F: main (in /home/xeph/src/tpe-pi/trunk/src/lib/test)
==7429== 
==7429== Conditional jump or move depends on uninitialised value(s)
==7429==    at 0x407996C: vfprintf (vfprintf.c:1600)
==7429==    by 0x4080CDF: printf (printf.c:35)
==7429==    by 0x804B8C6: main (in /home/xeph/src/tpe-pi/trunk/src/lib/test)
==7429==  Uninitialised value was created by a heap allocation
==7429==    at 0x4024C4C: malloc (vg_replace_malloc.c:195)
==7429==    by 0x804972A: load_game (in /home/xeph/src/tpe-pi/trunk/src/lib/test)
==7429==    by 0x804A67C: load_state (in /home/xeph/src/tpe-pi/trunk/src/lib/test)
==7429==    by 0x804B87F: main (in /home/xeph/src/tpe-pi/trunk/src/lib/test)
==7429== 
==7429== Conditional jump or move depends on uninitialised value(s)
==7429==    at 0x4077472: vfprintf (vfprintf.c:1600)
==7429==    by 0x4080CDF: printf (printf.c:35)
==7429==    by 0x804B8C6: main (in /home/xeph/src/tpe-pi/trunk/src/lib/test)
==7429==  Uninitialised value was created by a heap allocation
==7429==    at 0x4024C4C: malloc (vg_replace_malloc.c:195)
==7429==    by 0x804972A: load_game (in /home/xeph/src/tpe-pi/trunk/src/lib/test)
==7429==    by 0x804A67C: load_state (in /home/xeph/src/tpe-pi/trunk/src/lib/test)
==7429==    by 0x804B87F: main (in /home/xeph/src/tpe-pi/trunk/src/lib/test)
==7429== 
==7429== Conditional jump or move depends on uninitialised value(s)
==7429==    at 0x8049982: free_professions (in /home/xeph/src/tpe-pi/trunk/src/lib/test)
==7429==    by 0x8049909: free_game (in /home/xeph/src/tpe-pi/trunk/src/lib/test)
==7429==    by 0x804B8D2: main (in /home/xeph/src/tpe-pi/trunk/src/lib/test)
==7429==  Uninitialised value was created by a heap allocation
==7429==    at 0x4024C4C: malloc (vg_replace_malloc.c:195)
==7429==    by 0x804972A: load_game (in /home/xeph/src/tpe-pi/trunk/src/lib/test)
==7429==    by 0x804A67C: load_state (in /home/xeph/src/tpe-pi/trunk/src/lib/test)
==7429==    by 0x804B87F: main (in /home/xeph/src/tpe-pi/trunk/src/lib/test)
==7429== 
==7429== Conditional jump or move depends on uninitialised value(s)
==7429==    at 0x4024826: free (vg_replace_malloc.c:325)
==7429==    by 0x8049991: free_professions (in /home/xeph/src/tpe-pi/trunk/src/lib/test)
==7429==    by 0x8049909: free_game (in /home/xeph/src/tpe-pi/trunk/src/lib/test)
==7429==    by 0x804B8D2: main (in /home/xeph/src/tpe-pi/trunk/src/lib/test)
==7429==  Uninitialised value was created by a heap allocation
==7429==    at 0x4024C4C: malloc (vg_replace_malloc.c:195)
==7429==    by 0x804972A: load_game (in /home/xeph/src/tpe-pi/trunk/src/lib/test)
==7429==    by 0x804A67C: load_state (in /home/xeph/src/tpe-pi/trunk/src/lib/test)
==7429==    by 0x804B87F: main (in /home/xeph/src/tpe-pi/trunk/src/lib/test)
==7429== 
==7429== Conditional jump or move depends on uninitialised value(s)
==7429==    at 0x8049A05: free_enemies (in /home/xeph/src/tpe-pi/trunk/src/lib/test)
==7429==    by 0x8049914: free_game (in /home/xeph/src/tpe-pi/trunk/src/lib/test)
==7429==    by 0x804B8D2: main (in /home/xeph/src/tpe-pi/trunk/src/lib/test)
==7429==  Uninitialised value was created by a heap allocation
==7429==    at 0x4024C4C: malloc (vg_replace_malloc.c:195)
==7429==    by 0x804972A: load_game (in /home/xeph/src/tpe-pi/trunk/src/lib/test)
==7429==    by 0x804A67C: load_state (in /home/xeph/src/tpe-pi/trunk/src/lib/test)
==7429==    by 0x804B87F: main (in /home/xeph/src/tpe-pi/trunk/src/lib/test)
==7429== 
==7429== Conditional jump or move depends on uninitialised value(s)
==7429==    at 0x4024826: free (vg_replace_malloc.c:325)
==7429==    by 0x8049A14: free_enemies (in /home/xeph/src/tpe-pi/trunk/src/lib/test)
==7429==    by 0x8049914: free_game (in /home/xeph/src/tpe-pi/trunk/src/lib/test)
==7429==    by 0x804B8D2: main (in /home/xeph/src/tpe-pi/trunk/src/lib/test)
==7429==  Uninitialised value was created by a heap allocation
==7429==    at 0x4024C4C: malloc (vg_replace_malloc.c:195)
==7429==    by 0x804972A: load_game (in /home/xeph/src/tpe-pi/trunk/src/lib/test)
==7429==    by 0x804A67C: load_state (in /home/xeph/src/tpe-pi/trunk/src/lib/test)
==7429==    by 0x804B87F: main (in /home/xeph/src/tpe-pi/trunk/src/lib/test)
==7429== 
==7429== Conditional jump or move depends on uninitialised value(s)
==7429==    at 0x8049AEE: free_rooms (in /home/xeph/src/tpe-pi/trunk/src/lib/test)
==7429==    by 0x804991F: free_game (in /home/xeph/src/tpe-pi/trunk/src/lib/test)
==7429==    by 0x804B8D2: main (in /home/xeph/src/tpe-pi/trunk/src/lib/test)
==7429==  Uninitialised value was created by a heap allocation
==7429==    at 0x4024C4C: malloc (vg_replace_malloc.c:195)
==7429==    by 0x804972A: load_game (in /home/xeph/src/tpe-pi/trunk/src/lib/test)
==7429==    by 0x804A67C: load_state (in /home/xeph/src/tpe-pi/trunk/src/lib/test)
==7429==    by 0x804B87F: main (in /home/xeph/src/tpe-pi/trunk/src/lib/test)
==7429== 
==7429== Conditional jump or move depends on uninitialised value(s)
==7429==    at 0x4024826: free (vg_replace_malloc.c:325)
==7429==    by 0x8049B01: free_rooms (in /home/xeph/src/tpe-pi/trunk/src/lib/test)
==7429==    by 0x804991F: free_game (in /home/xeph/src/tpe-pi/trunk/src/lib/test)
==7429==    by 0x804B8D2: main (in /home/xeph/src/tpe-pi/trunk/src/lib/test)
==7429==  Uninitialised value was created by a heap allocation
==7429==    at 0x4024C4C: malloc (vg_replace_malloc.c:195)
==7429==    by 0x804972A: load_game (in /home/xeph/src/tpe-pi/trunk/src/lib/test)
==7429==    by 0x804A67C: load_state (in /home/xeph/src/tpe-pi/trunk/src/lib/test)
==7429==    by 0x804B87F: main (in /home/xeph/src/tpe-pi/trunk/src/lib/test)
==7429== 
==7429== Conditional jump or move depends on uninitialised value(s)
==7429==    at 0x8049982: free_professions (in /home/xeph/src/tpe-pi/trunk/src/lib/test)
==7429==    by 0x8049909: free_game (in /home/xeph/src/tpe-pi/trunk/src/lib/test)
==7429==    by 0x804B8DE: main (in /home/xeph/src/tpe-pi/trunk/src/lib/test)
==7429==  Uninitialised value was created by a heap allocation
==7429==    at 0x4024C4C: malloc (vg_replace_malloc.c:195)
==7429==    by 0x804972A: load_game (in /home/xeph/src/tpe-pi/trunk/src/lib/test)
==7429==    by 0x804B703: main (in /home/xeph/src/tpe-pi/trunk/src/lib/test)
==7429== 
==7429== Conditional jump or move depends on uninitialised value(s)
==7429==    at 0x4024826: free (vg_replace_malloc.c:325)
==7429==    by 0x8049991: free_professions (in /home/xeph/src/tpe-pi/trunk/src/lib/test)
==7429==    by 0x8049909: free_game (in /home/xeph/src/tpe-pi/trunk/src/lib/test)
==7429==    by 0x804B8DE: main (in /home/xeph/src/tpe-pi/trunk/src/lib/test)
==7429==  Uninitialised value was created by a heap allocation
==7429==    at 0x4024C4C: malloc (vg_replace_malloc.c:195)
==7429==    by 0x804972A: load_game (in /home/xeph/src/tpe-pi/trunk/src/lib/test)
==7429==    by 0x804B703: main (in /home/xeph/src/tpe-pi/trunk/src/lib/test)
==7429== 
==7429== Conditional jump or move depends on uninitialised value(s)
==7429==    at 0x8049A05: free_enemies (in /home/xeph/src/tpe-pi/trunk/src/lib/test)
==7429==    by 0x8049914: free_game (in /home/xeph/src/tpe-pi/trunk/src/lib/test)
==7429==    by 0x804B8DE: main (in /home/xeph/src/tpe-pi/trunk/src/lib/test)
==7429==  Uninitialised value was created by a heap allocation
==7429==    at 0x4024C4C: malloc (vg_replace_malloc.c:195)
==7429==    by 0x804972A: load_game (in /home/xeph/src/tpe-pi/trunk/src/lib/test)
==7429==    by 0x804B703: main (in /home/xeph/src/tpe-pi/trunk/src/lib/test)
==7429== 
==7429== Conditional jump or move depends on uninitialised value(s)
==7429==    at 0x4024826: free (vg_replace_malloc.c:325)
==7429==    by 0x8049A14: free_enemies (in /home/xeph/src/tpe-pi/trunk/src/lib/test)
==7429==    by 0x8049914: free_game (in /home/xeph/src/tpe-pi/trunk/src/lib/test)
==7429==    by 0x804B8DE: main (in /home/xeph/src/tpe-pi/trunk/src/lib/test)
==7429==  Uninitialised value was created by a heap allocation
==7429==    at 0x4024C4C: malloc (vg_replace_malloc.c:195)
==7429==    by 0x804972A: load_game (in /home/xeph/src/tpe-pi/trunk/src/lib/test)
==7429==    by 0x804B703: main (in /home/xeph/src/tpe-pi/trunk/src/lib/test)
==7429== 
==7429== Conditional jump or move depends on uninitialised value(s)
==7429==    at 0x8049AEE: free_rooms (in /home/xeph/src/tpe-pi/trunk/src/lib/test)
==7429==    by 0x804991F: free_game (in /home/xeph/src/tpe-pi/trunk/src/lib/test)
==7429==    by 0x804B8DE: main (in /home/xeph/src/tpe-pi/trunk/src/lib/test)
==7429==  Uninitialised value was created by a heap allocation
==7429==    at 0x4024C4C: malloc (vg_replace_malloc.c:195)
==7429==    by 0x804972A: load_game (in /home/xeph/src/tpe-pi/trunk/src/lib/test)
==7429==    by 0x804B703: main (in /home/xeph/src/tpe-pi/trunk/src/lib/test)
==7429== 
==7429== Conditional jump or move depends on uninitialised value(s)
==7429==    at 0x4024826: free (vg_replace_malloc.c:325)
==7429==    by 0x8049B01: free_rooms (in /home/xeph/src/tpe-pi/trunk/src/lib/test)
==7429==    by 0x804991F: free_game (in /home/xeph/src/tpe-pi/trunk/src/lib/test)
==7429==    by 0x804B8DE: main (in /home/xeph/src/tpe-pi/trunk/src/lib/test)
==7429==  Uninitialised value was created by a heap allocation
==7429==    at 0x4024C4C: malloc (vg_replace_malloc.c:195)
==7429==    by 0x804972A: load_game (in /home/xeph/src/tpe-pi/trunk/src/lib/test)
==7429==    by 0x804B703: main (in /home/xeph/src/tpe-pi/trunk/src/lib/test)
==7429== 
==7429== 
==7429== HEAP SUMMARY:
==7429==     in use at exit: 0 bytes in 0 blocks
==7429==   total heap usage: 1,512 allocs, 1,512 frees, 33,693 bytes allocated
==7429== 
==7429== All heap blocks were freed -- no leaks are possible
==7429== 
==7429== For counts of detected and suppressed errors, rerun with: -v
==7429== ERROR SUMMARY: 66 errors from 26 contexts (suppressed: 11 from 6)
